<?xml version="1.0" encoding="UTF-8"?>
<!-- Generated by org.testng.reporters.JUnitReportReporter -->
<testsuite skipped="0" hostname="DBHOMEHP" name="com.nopcommerce.demo.testsuit.LoginTest" tests="1" failures="0" timestamp="2022-12-13T21:47:39 GMT" time="4.424" errors="0">
  <testcase name="verifyUserShouldNavigateToLoginPageSuccessfully" time="4.424" classname="com.nopcommerce.demo.testsuit.LoginTest"/>
  <system-out>
    <![CDATA[click on login link[[ChromeDriver: chrome on WINDOWS (7ac6a82e4dfe1521f27b817c616b0f82)] -> link text: Log in]
verify welcome text[[ChromeDriver: chrome on WINDOWS (7ac6a82e4dfe1521f27b817c616b0f82)] -> xpath: //h1[contains(text(),'Welcome, Please Sign In!')]]
verify welcome text[[ChromeDriver: chrome on WINDOWS (7ac6a82e4dfe1521f27b817c616b0f82)] -> xpath: //h1[contains(text(),'Welcome, Please Sign In!')]]
enter email [[ChromeDriver: chrome on WINDOWS (7ac6a82e4dfe1521f27b817c616b0f82)] -> id: Email]
enter password [[ChromeDriver: chrome on WINDOWS (7ac6a82e4dfe1521f27b817c616b0f82)] -> name: Password]
click on login button[[ChromeDriver: chrome on WINDOWS (7ac6a82e4dfe1521f27b817c616b0f82)] -> xpath: //button[contains(text(),'Log in')]]]]>
  </system-out>
</testsuite> <!-- com.nopcommerce.demo.testsuit.LoginTest -->
