<?xml version="1.0" encoding="UTF-8"?>
<!-- Generated by org.testng.reporters.JUnitReportReporter -->
<testsuite skipped="0" hostname="DBHOMEHP" name="com.nopcommerce.demo.testsuit.RegisterMenuTest" tests="1" failures="0" timestamp="2022-12-13T21:47:39 GMT" time="3.559" errors="0">
  <testcase name="UserShouldNavigateToRegisterPageSuccessfully" time="3.559" classname="com.nopcommerce.demo.testsuit.RegisterMenuTest"/>
  <system-out>
    <![CDATA[Click on register page[[ChromeDriver: chrome on WINDOWS (89414eb1ca8a316225edf25d10870ff2)] -> xpath: //a[contains(text(),'Register')]]]]>
  </system-out>
</testsuite> <!-- com.nopcommerce.demo.testsuit.RegisterMenuTest -->
