<?xml version="1.0" encoding="UTF-8"?>
<!-- Generated by org.testng.reporters.JUnitReportReporter -->
<testsuite skipped="0" hostname="DBHOMEHP" name="com.nopcommerce.demo.testsuit.ComputerTest" tests="1" failures="0" timestamp="2022-12-13T21:47:39 GMT" time="6.582" errors="0">
  <testcase name="verifyProductArrangeInAlphaBaticalOrder" time="6.582" classname="com.nopcommerce.demo.testsuit.ComputerTest"/>
  <system-out>
    <![CDATA[click on computer page[[ChromeDriver: chrome on WINDOWS (00a481946aa01dc29e92430983e15665)] -> link text: Computers]
click on desktop page[[ChromeDriver: chrome on WINDOWS (00a481946aa01dc29e92430983e15665)] -> link text: Desktops]
click on select position[[ChromeDriver: chrome on WINDOWS (00a481946aa01dc29e92430983e15665)] -> xpath: //select[@id='products-orderby']]
select from drop down[[ChromeDriver: chrome on WINDOWS (00a481946aa01dc29e92430983e15665)] -> xpath: //select[@id='products-orderby']]]]>
  </system-out>
</testsuite> <!-- com.nopcommerce.demo.testsuit.ComputerTest -->
