<?xml version="1.0" encoding="UTF-8"?>
<!-- Generated by org.testng.reporters.JUnitReportReporter -->
<testsuite skipped="0" hostname="DBHOMEHP" name="com.nopcommerce.demo.testsuit.ElectronicTest" tests="1" failures="0" timestamp="2022-12-13T21:47:39 GMT" time="3.795" errors="0">
  <testcase name="verifyUserShouldNavigateToCellPhonesPageSuccessfully" time="3.795" classname="com.nopcommerce.demo.testsuit.ElectronicTest"/>
  <system-out>
    <![CDATA[mouse hover to electronic page[[ChromeDriver: chrome on WINDOWS (c4fe17581a94d3396bca32f5b57afe7a)] -> link text: Electronics]
click on cell phone page[[ChromeDriver: chrome on WINDOWS (c4fe17581a94d3396bca32f5b57afe7a)] -> link text: Cell phones]
get text from cell phone[[ChromeDriver: chrome on WINDOWS (c4fe17581a94d3396bca32f5b57afe7a)] -> xpath: //h1[contains(text(),'Cell phones')]]]]>
  </system-out>
</testsuite> <!-- com.nopcommerce.demo.testsuit.ElectronicTest -->
