<?xml version="1.0" encoding="UTF-8"?>
<!-- Generated by org.testng.reporters.JUnitReportReporter -->
<testsuite skipped="0" hostname="DBHOMEHP" name="com.nopcommerce.demo.testsuit.TopMenuTest" tests="1" failures="0" timestamp="2022-12-13T21:47:39 GMT" time="3.823" errors="0">
  <testcase name="selectTopMenu" time="3.823" classname="com.nopcommerce.demo.testsuit.TopMenuTest"/>
  <system-out/>
</testsuite> <!-- com.nopcommerce.demo.testsuit.TopMenuTest -->
